[2015-03-02T21:59:23+01:00] [admin] login
[2015-03-02T22:01:02+01:00] [admin] logout
[2015-03-02T22:01:51+01:00] [admin] login
[2015-03-02T22:02:22+01:00] [admin] login
[2015-03-02T22:03:43+01:00] [admin] logout
[2015-03-02T22:03:50+01:00] [martijn13795] login
[2015-03-02T22:10:20+01:00] [martijn13795] login
[2015-03-02T22:11:40+01:00] [martijn13795] logout
[2015-03-26T21:12:08+01:00] [martijn13795] login
[2015-04-05T18:45:50+02:00] [martijn13795] login
[2015-04-05T18:47:40+02:00] [martijn13795] logout
[2015-05-27T17:45:25+02:00] [admin] login
[2015-05-27T17:47:19+02:00] [admin] ChallengeRestart
[2015-05-27T17:47:39+02:00] [admin] SetRoundCustomPoints
[2015-05-27T17:47:42+02:00] [admin] SetRoundCustomPoints
[2015-05-27T17:49:07+02:00] [admin] RemoveChallengeList
[2015-05-27T17:49:18+02:00] [admin] RemoveChallengeList
[2015-06-06T15:48:46+02:00] [admin] login
[2015-06-21T00:07:50+02:00] [martijn13795] login
[2015-07-23T22:37:47+02:00] [martijn13795] login
[2015-07-23T22:38:48+02:00] [martijn13795] ChooseNextChallenge
[2015-07-23T22:38:48+02:00] [martijn13795] NextChallenge
